<?xml version="1.0" encoding="UTF-8"?>
<!-- Generated by org.testng.reporters.JUnitXMLReporter -->
<testsuite hostname="madhavareddy-macbookpro3.roam.corp.google.com" ignored="0" name="Default test" tests="2" failures="0" timestamp="28 Mar 2018 23:13:54 GMT" time="14.27" errors="0">
  <testcase name="startBrowser" time="6.05" classname="com.y18.e2eProject.tests.UITests"/>
  <testcase name="selectRadio" time="8.199" classname="com.y18.e2eProject.tests.UITests"/>
</testsuite> <!-- Default test -->
