<?xml version="1.0" encoding="UTF-8"?>
<!-- Generated by org.testng.reporters.JUnitXMLReporter -->
<testsuite hostname="madhavareddy-macbookpro3.roam.corp.google.com" ignored="0" name="Default test" tests="3" failures="0" timestamp="03 Jun 2018 14:42:31 GMT" time="11.281" errors="0">
  <testcase name="startBrowser" time="1.525" classname="com.y18.e2eProject.tests.UITests"/>
  <testcase name="statePage" time="2.807" classname="com.y18.e2eProject.tests.UITests"/>
  <testcase name="dynamicPage" time="6.923" classname="com.y18.e2eProject.tests.UITests"/>
</testsuite> <!-- Default test -->
