<?xml version="1.0" encoding="UTF-8"?>
<testng-results skipped="0" failed="0" total="2" passed="2">
  <reporter-output>
  </reporter-output>
  <suite name="Default suite" duration-ms="12239" started-at="2018-04-27T21:06:28Z" finished-at="2018-04-27T21:06:40Z">
    <groups>
    </groups>
    <test name="Default test" duration-ms="12239" started-at="2018-04-27T21:06:28Z" finished-at="2018-04-27T21:06:40Z">
      <class name="com.y18.cMonthMarch7.tests.LoginAmzTC">
        <test-method status="PASS" signature="openApplication()[pri:0, instance:com.y18.cMonthMarch7.tests.LoginAmzTC@100fc185]" name="openApplication" is-config="true" duration-ms="7809" started-at="2018-04-27T14:06:28Z" finished-at="2018-04-27T14:06:36Z">
          <reporter-output>
          </reporter-output>
        </test-method> <!-- openApplication -->
        <test-method status="PASS" signature="accessMainPage()[pri:0, instance:com.y18.cMonthMarch7.tests.LoginAmzTC@100fc185]" name="accessMainPage" duration-ms="709" started-at="2018-04-27T14:06:36Z" finished-at="2018-04-27T14:06:37Z">
          <reporter-output>
          </reporter-output>
        </test-method> <!-- accessMainPage -->
        <test-method status="PASS" signature="loginTpAmz()[pri:0, instance:com.y18.cMonthMarch7.tests.LoginAmzTC@100fc185]" name="loginTpAmz" duration-ms="3708" started-at="2018-04-27T14:06:37Z" finished-at="2018-04-27T14:06:40Z">
          <reporter-output>
          </reporter-output>
        </test-method> <!-- loginTpAmz -->
      </class> <!-- com.y18.cMonthMarch7.tests.LoginAmzTC -->
    </test> <!-- Default test -->
  </suite> <!-- Default suite -->
</testng-results>
