<?xml version="1.0" encoding="UTF-8"?>
<testng-results skipped="0" failed="0" ignored="0" total="3" passed="3">
  <reporter-output>
  </reporter-output>
  <suite name="Default suite" duration-ms="11281" started-at="2018-06-03T14:42:20Z" finished-at="2018-06-03T14:42:31Z">
    <groups>
    </groups>
    <test name="Default test" duration-ms="11281" started-at="2018-06-03T14:42:20Z" finished-at="2018-06-03T14:42:31Z">
      <class name="com.y18.e2eProject.tests.UITests">
        <test-method status="PASS" signature="startBrowser()[pri:1, instance:com.y18.e2eProject.tests.UITests@66a3ffec]" name="startBrowser" duration-ms="1525" started-at="2018-06-03T14:42:20Z" finished-at="2018-06-03T14:42:22Z">
          <reporter-output>
          </reporter-output>
        </test-method> <!-- startBrowser -->
        <test-method status="PASS" signature="closeall()[pri:0, instance:com.y18.e2eProject.tests.UITests@66a3ffec]" name="closeall" is-config="true" duration-ms="1" started-at="2018-06-03T14:42:22Z" finished-at="2018-06-03T14:42:22Z">
          <reporter-output>
          </reporter-output>
        </test-method> <!-- closeall -->
        <test-method status="PASS" signature="statePage()[pri:2, instance:com.y18.e2eProject.tests.UITests@66a3ffec]" name="statePage" duration-ms="2807" started-at="2018-06-03T14:42:22Z" finished-at="2018-06-03T14:42:25Z">
          <reporter-output>
          </reporter-output>
        </test-method> <!-- statePage -->
        <test-method status="PASS" signature="closeall()[pri:0, instance:com.y18.e2eProject.tests.UITests@66a3ffec]" name="closeall" is-config="true" duration-ms="1" started-at="2018-06-03T14:42:25Z" finished-at="2018-06-03T14:42:25Z">
          <reporter-output>
          </reporter-output>
        </test-method> <!-- closeall -->
        <test-method status="PASS" signature="dynamicPage()[pri:3, instance:com.y18.e2eProject.tests.UITests@66a3ffec]" name="dynamicPage" duration-ms="6923" started-at="2018-06-03T14:42:25Z" finished-at="2018-06-03T14:42:31Z">
          <reporter-output>
          </reporter-output>
        </test-method> <!-- dynamicPage -->
        <test-method status="PASS" signature="closeall()[pri:0, instance:com.y18.e2eProject.tests.UITests@66a3ffec]" name="closeall" is-config="true" duration-ms="0" started-at="2018-06-03T14:42:31Z" finished-at="2018-06-03T14:42:31Z">
          <reporter-output>
          </reporter-output>
        </test-method> <!-- closeall -->
      </class> <!-- com.y18.e2eProject.tests.UITests -->
    </test> <!-- Default test -->
  </suite> <!-- Default suite -->
</testng-results>
