<?xml version="1.0" encoding="UTF-8"?>
<testng-results skipped="0" failed="0" total="2" passed="2">
  <reporter-output>
  </reporter-output>
  <suite name="Default suite" duration-ms="13705" started-at="2018-03-19T18:34:13Z" finished-at="2018-03-19T18:34:27Z">
    <groups>
    </groups>
    <test name="Default test" duration-ms="13705" started-at="2018-03-19T18:34:13Z" finished-at="2018-03-19T18:34:27Z">
      <class name="com.y18.cMonthMarch12.tests.LoginTestM12">
        <test-method status="PASS" signature="openAppInBrowser()[pri:0, instance:com.y18.cMonthMarch12.tests.LoginTestM12@100fc185]" name="openAppInBrowser" is-config="true" duration-ms="5321" started-at="2018-03-19T11:34:13Z" finished-at="2018-03-19T11:34:18Z">
          <reporter-output>
          </reporter-output>
        </test-method> <!-- openAppInBrowser -->
        <test-method status="PASS" signature="verifyLogin()[pri:0, instance:com.y18.cMonthMarch12.tests.LoginTestM12@100fc185]" name="verifyLogin" duration-ms="6745" started-at="2018-03-19T11:34:18Z" finished-at="2018-03-19T11:34:25Z">
          <reporter-output>
          </reporter-output>
        </test-method> <!-- verifyLogin -->
        <test-method status="PASS" signature="verifyCreateList()[pri:0, instance:com.y18.cMonthMarch12.tests.LoginTestM12@100fc185]" name="verifyCreateList" duration-ms="1623" started-at="2018-03-19T11:34:25Z" finished-at="2018-03-19T11:34:27Z">
          <reporter-output>
          </reporter-output>
        </test-method> <!-- verifyCreateList -->
      </class> <!-- com.y18.cMonthMarch12.tests.LoginTestM12 -->
    </test> <!-- Default test -->
  </suite> <!-- Default suite -->
</testng-results>
