<?xml version="1.0" encoding="UTF-8"?>
<!-- Generated by org.testng.reporters.JUnitXMLReporter -->
<testsuite hostname="madhavareddy-macbookpro3.roam.corp.google.com" name="Test" tests="2" failures="0" timestamp="22 Mar 2018 22:53:16 GMT" time="0.027" errors="0">
  <testcase name="@BeforeTest openAppInBrowser" time="0.0" classname="com.y18.cMonthMarch12.tests.LoginTestM12">
    <failure type="java.lang.Error" message="Unresolved compilation problem: 
	BrowserFactory cannot be resolved
">
      <![CDATA[java.lang.Error: Unresolved compilation problem: 
	BrowserFactory cannot be resolved

	at com.y18.cMonthMarch12.tests.LoginTestM12.openAppInBrowser(LoginTestM12.java:24)
... Removed 22 stack frames]]>
    </failure>
  </testcase> <!-- @BeforeTest openAppInBrowser -->
  <testcase name="verifyLogin" time="0.001" classname="com.y18.cMonthMarch12.tests.LoginTestM12">
    <skipped/>
  </testcase> <!-- verifyLogin -->
  <testcase name="verifyCreateList" time="0.0" classname="com.y18.cMonthMarch12.tests.LoginTestM12">
    <skipped/>
  </testcase> <!-- verifyCreateList -->
</testsuite> <!-- Test -->
